This is MetHis.
Local time is 20-05-2021 21:29:43
Command line interpreted as:
	save-data: False
	nb-snp: 50000
	max-Ne: 2000
	nb-simul: 1-20
	nb-thread: 20
	sampling: 25/25/25
	input-path: ../../../../tools/MetHis_modif/example_dataset/data_50k.arp
Starting simulation 1
Starting simulation 2
Starting simulation 3
Starting simulation 4
Starting simulation 5
Starting simulation 6
Starting simulation 7
Starting simulation 8
Starting simulation 9
Starting simulation 10
Starting simulation 11
Starting simulation 12
Starting simulation 13
Starting simulation 14
Starting simulation 15
Starting simulation 16
Starting simulation 17
Starting simulation 18
Starting simulation 19
Starting simulation 20
